Reading package lists...
Building dependency tree...
Reading state information...
0 upgraded, 0 newly installed, 0 to remove and 3 not upgraded.
Reading package lists...
Building dependency tree...
Reading state information...
0 upgraded, 0 newly installed, 0 to remove and 3 not upgraded.
Reading package lists...
Building dependency tree...
Reading state information...
0 upgraded, 0 newly installed, 0 to remove and 3 not upgraded.
Reading package lists...
Building dependency tree...
Reading state information...
libx11-dev is already the newest version (2:1.8.7-1build1).
libxinerama-dev is already the newest version (2:1.1.4-3build1).
libxft-dev is already the newest version (2.3.6-1build1).
feh is already the newest version (3.10.1-1ubuntu0.1).
j4-dmenu-desktop is already the newest version (2.16-1.1).
lxpolkit is already the newest version (0.5.5-2ubuntu4).
brightnessctl is already the newest version (0.5.1-3.1).
0 upgraded, 0 newly installed, 0 to remove and 3 not upgraded.
